<?xml version="1.0" encoding="UTF-8"?>
<testsuite name="Academy Choucair" tests="1" skipped="1" failures="0" errors="0" timestamp="2021-11-17T22:45:36" hostname="EC2AMAZ-7JPOIN6" time="9.842">
  <properties/>
  <testcase name="Search for a automation course" classname="Academy Choucair" time="9.842">
    <skipped/>
  </testcase>
  <system-out><![CDATA[]]></system-out>
  <system-err><![CDATA[[Test worker] WARN net.thucydides.core.steps.BaseStepListener - stepStarted: net.thucydides.core.steps.ExecutedStepDescription@4b7250bb
[Test worker] WARN net.thucydides.core.steps.BaseStepListener - stepStarted: net.thucydides.core.steps.ExecutedStepDescription@13922106
[Test worker] WARN net.thucydides.core.steps.BaseStepListener - stepStarted: net.thucydides.core.steps.ExecutedStepDescription@7d78d64
Nov 17, 2021 5:45:37 PM org.openqa.selenium.remote.DesiredCapabilities chrome
INFO: Using `new ChromeOptions()` is preferred to `DesiredCapabilities.chrome()`
[Test worker] INFO net.serenitybdd.core.webdriver.driverproviders.ProvideNewDriver - Instantiating driver
[Test worker] INFO net.serenitybdd.core.webdriver.driverproviders.ProvideNewDriver - Driver capabilities: Capabilities {acceptInsecureCerts: false, browserName: chrome, chrome.switches: --start-maximized, goog:chromeOptions: {args: [--start-maximized], extensions: []}, loggingPrefs: org.openqa.selenium.logging..., platform: ANY, version: }
Starting ChromeDriver 95.0.4638.69 (6a1600ed572fedecd573b6c2b90a22fe6392a410-refs/branch-heads/4638@{#984}) on port 22017
Only local connections are allowed.
Please see https://chromedriver.chromium.org/security-considerations for suggestions on keeping ChromeDriver safe.
ChromeDriver was started successfully.
[1637189140.162][WARNING]: This version of ChromeDriver has not been tested with Chrome version 96.
Nov 17, 2021 5:45:40 PM org.openqa.selenium.remote.ProtocolHandshake createSession
INFO: Detected dialect: W3C
[Test worker] WARN net.thucydides.core.steps.BaseStepListener - stepFinished: current outcome:Search for a automation course:Given than Bryan wants to learn automation at the academy Choucair [Bryan open up [Bryan opens the Choucair academy page]]
[Test worker] WARN net.thucydides.core.steps.BaseStepListener - stepFinished: current outcome:Search for a automation course:Given than Bryan wants to learn automation at the academy Choucair [Bryan open up [Bryan opens the Choucair academy page]]
[Test worker] WARN net.thucydides.core.steps.BaseStepListener - stepFinished: current outcome:Search for a automation course:Given than Bryan wants to learn automation at the academy Choucair [Bryan open up [Bryan opens the Choucair academy page]]
[Test worker] WARN net.thucydides.core.steps.BaseStepListener - stepStarted: net.thucydides.core.steps.ExecutedStepDescription@5cdd1211
[Test worker] WARN net.thucydides.core.steps.BaseStepListener - stepFinished: current outcome:Search for a automation course:Given than Bryan wants to learn automation at the academy Choucair [Bryan open up [Bryan opens the Choucair academy page]], When he search for the course Recursos Automatizacion Bancolombia on the choucair academy platform
[Test worker] WARN net.thucydides.core.steps.BaseStepListener - stepStarted: net.thucydides.core.steps.ExecutedStepDescription@467c43c3
[Test worker] INFO net.thucydides.core.steps.ConsoleLoggingListener - TEST PENDING
[Test worker] WARN net.thucydides.core.steps.BaseStepListener - testFinished: Search for a automation course:Given than Bryan wants to learn automation at the academy Choucair [Bryan open up [Bryan opens the Choucair academy page]], When he search for the course Recursos Automatizacion Bancolombia on the choucair academy platform, Then he finds the course called resources Recuros Automatización Bancolombia
[Test worker] WARN net.thucydides.core.steps.BaseStepListener - TestOutcomes: [Search for a automation course:Given than Bryan wants to learn automation at the academy Choucair [Bryan open up [Bryan opens the Choucair academy page]], When he search for the course Recursos Automatizacion Bancolombia on the choucair academy platform, Then he finds the course called resources Recuros Automatización Bancolombia]
[Test worker] WARN net.thucydides.core.steps.BaseStepListener - Final testOutcomes: [Search for a automation course:Given than Bryan wants to learn automation at the academy Choucair [Bryan open up [Bryan opens the Choucair academy page]], When he search for the course Recursos Automatizacion Bancolombia on the choucair academy platform, Then he finds the course called resources Recuros Automatización Bancolombia]
[Test worker] INFO net.thucydides.core.steps.ConsoleLoggingListener - 
          __  _____ _____ ____ _____   ____  _____ _   _ ____ ___ _   _  ____ 
 _       / / |_   _| ____/ ___|_   _| |  _ \| ____| \ | |  _ \_ _| \ | |/ ___|
(_)____ / /    | | |  _| \___ \ | |   | |_) |  _| |  \| | | | | ||  \| | |  _ 
 |_____/ /     | | | |___ ___) || |   |  __/| |___| |\  | |_| | || |\  | |_| |
(_)   /_/      |_| |_____|____/ |_|   |_|   |_____|_| \_|____/___|_| \_|\____|
                                                                                

TEST PENDING: Search for a automation course
---------------------------------------------------------------------------------
]]></system-err>
</testsuite>
