<?xml version="1.0" encoding="UTF-8"?>
<testsuite name="Academy Choucair" tests="1" skipped="1" failures="0" errors="0" timestamp="2021-11-18T03:29:36" hostname="EC2AMAZ-7JPOIN6" time="11.926">
  <properties/>
  <testcase name="Search for a automation course" classname="Academy Choucair" time="11.926">
    <skipped/>
  </testcase>
  <system-out><![CDATA[]]></system-out>
  <system-err><![CDATA[[Test worker] WARN net.thucydides.core.steps.BaseStepListener - stepStarted: net.thucydides.core.steps.ExecutedStepDescription@4cebbe1d
[Test worker] WARN net.thucydides.core.steps.BaseStepListener - stepStarted: net.thucydides.core.steps.ExecutedStepDescription@2b8ccff2
[Test worker] WARN net.thucydides.core.steps.BaseStepListener - stepStarted: net.thucydides.core.steps.ExecutedStepDescription@6d1a963f
Nov 17, 2021 10:29:36 PM org.openqa.selenium.remote.DesiredCapabilities chrome
INFO: Using `new ChromeOptions()` is preferred to `DesiredCapabilities.chrome()`
[Test worker] INFO net.serenitybdd.core.webdriver.driverproviders.ProvideNewDriver - Instantiating driver
[Test worker] INFO net.serenitybdd.core.webdriver.driverproviders.ProvideNewDriver - Driver capabilities: Capabilities {acceptInsecureCerts: false, browserName: chrome, chrome.switches: --start-maximized, goog:chromeOptions: {args: [--start-maximized], extensions: []}, loggingPrefs: org.openqa.selenium.logging..., platform: ANY, version: }
Starting ChromeDriver 95.0.4638.69 (6a1600ed572fedecd573b6c2b90a22fe6392a410-refs/branch-heads/4638@{#984}) on port 38766
Only local connections are allowed.
Please see https://chromedriver.chromium.org/security-considerations for suggestions on keeping ChromeDriver safe.
ChromeDriver was started successfully.
[1637206179.155][WARNING]: This version of ChromeDriver has not been tested with Chrome version 96.
Nov 17, 2021 10:29:39 PM org.openqa.selenium.remote.ProtocolHandshake createSession
INFO: Detected dialect: W3C
[Test worker] WARN net.thucydides.core.steps.BaseStepListener - stepFinished: current outcome:Search for a automation course:Example: {strUser=rbtrejo, strPassword=ByTrejo, strCourse=Metodología bancolombia} [Given than Bryan wants to learn automation at the academy Choucair
| strUser | strPassword |
| rbtrejo | ByTrejo | [Bryan open up [Bryan opens the Choucair academy page]]]
[Test worker] WARN net.thucydides.core.steps.BaseStepListener - stepFinished: current outcome:Search for a automation course:Example: {strUser=rbtrejo, strPassword=ByTrejo, strCourse=Metodología bancolombia} [Given than Bryan wants to learn automation at the academy Choucair
| strUser | strPassword |
| rbtrejo | ByTrejo | [Bryan open up [Bryan opens the Choucair academy page]]]
[Test worker] WARN net.thucydides.core.steps.BaseStepListener - stepStarted: net.thucydides.core.steps.ExecutedStepDescription@35e925eb
[Test worker] WARN net.thucydides.core.steps.BaseStepListener - stepStarted: net.thucydides.core.steps.ExecutedStepDescription@6ef25290
[Test worker] WARN net.thucydides.core.steps.BaseStepListener - stepFinished: current outcome:Search for a automation course:Example: {strUser=rbtrejo, strPassword=ByTrejo, strCourse=Metodología bancolombia} [Given than Bryan wants to learn automation at the academy Choucair
| strUser | strPassword |
| rbtrejo | ByTrejo | [Bryan open up [Bryan opens the Choucair academy page], Bryan login [Bryan clicks on button thar showsus the form to login]]]
[Test worker] WARN net.thucydides.core.steps.BaseStepListener - stepStarted: net.thucydides.core.steps.ExecutedStepDescription@63d34f0d
[Test worker] WARN net.thucydides.core.steps.BaseStepListener - stepFinished: current outcome:Search for a automation course:Example: {strUser=rbtrejo, strPassword=ByTrejo, strCourse=Metodología bancolombia} [Given than Bryan wants to learn automation at the academy Choucair
| strUser | strPassword |
| rbtrejo | ByTrejo | [Bryan open up [Bryan opens the Choucair academy page], Bryan login [Bryan clicks on button thar showsus the form to login, Bryan enters 'rbtrejo' into where do we werite the user]]]
[Test worker] WARN net.thucydides.core.steps.BaseStepListener - stepStarted: net.thucydides.core.steps.ExecutedStepDescription@53a3d3be
[Test worker] WARN net.thucydides.core.steps.BaseStepListener - stepFinished: current outcome:Search for a automation course:Example: {strUser=rbtrejo, strPassword=ByTrejo, strCourse=Metodología bancolombia} [Given than Bryan wants to learn automation at the academy Choucair
| strUser | strPassword |
| rbtrejo | ByTrejo | [Bryan open up [Bryan opens the Choucair academy page], Bryan login [Bryan clicks on button thar showsus the form to login, Bryan enters 'rbtrejo' into where do we werite the user, Bryan enters 'ByTrejo' into where do we write the password]]]
[Test worker] WARN net.thucydides.core.steps.BaseStepListener - stepStarted: net.thucydides.core.steps.ExecutedStepDescription@7ddd84a4
[Test worker] WARN net.thucydides.core.steps.BaseStepListener - stepFinished: current outcome:Search for a automation course:Example: {strUser=rbtrejo, strPassword=ByTrejo, strCourse=Metodología bancolombia} [Given than Bryan wants to learn automation at the academy Choucair
| strUser | strPassword |
| rbtrejo | ByTrejo | [Bryan open up [Bryan opens the Choucair academy page], Bryan login [Bryan clicks on button thar showsus the form to login, Bryan enters 'rbtrejo' into where do we werite the user, Bryan enters 'ByTrejo' into where do we write the password, Bryan clicks on button to confirm login]]]
[Test worker] WARN net.thucydides.core.steps.BaseStepListener - stepFinished: current outcome:Search for a automation course:Example: {strUser=rbtrejo, strPassword=ByTrejo, strCourse=Metodología bancolombia} [Given than Bryan wants to learn automation at the academy Choucair
| strUser | strPassword |
| rbtrejo | ByTrejo | [Bryan open up [Bryan opens the Choucair academy page], Bryan login [Bryan clicks on button thar showsus the form to login, Bryan enters 'rbtrejo' into where do we werite the user, Bryan enters 'ByTrejo' into where do we write the password, Bryan clicks on button to confirm login]]]
[Test worker] WARN net.thucydides.core.steps.BaseStepListener - stepFinished: current outcome:Search for a automation course:Example: {strUser=rbtrejo, strPassword=ByTrejo, strCourse=Metodología bancolombia} [Given than Bryan wants to learn automation at the academy Choucair
| strUser | strPassword |
| rbtrejo | ByTrejo | [Bryan open up [Bryan opens the Choucair academy page], Bryan login [Bryan clicks on button thar showsus the form to login, Bryan enters 'rbtrejo' into where do we werite the user, Bryan enters 'ByTrejo' into where do we write the password, Bryan clicks on button to confirm login]]]
[Test worker] WARN net.thucydides.core.steps.BaseStepListener - stepStarted: net.thucydides.core.steps.ExecutedStepDescription@91a7c64
[Test worker] INFO net.thucydides.core.steps.ConsoleLoggingListener - TEST PENDING
[Test worker] WARN net.thucydides.core.steps.BaseStepListener - stepStarted: net.thucydides.core.steps.ExecutedStepDescription@7d441397
[Test worker] WARN net.thucydides.core.steps.BaseStepListener - testFinished: Search for a automation course:Example: {strUser=rbtrejo, strPassword=ByTrejo, strCourse=Metodología bancolombia} [Given than Bryan wants to learn automation at the academy Choucair
| strUser | strPassword |
| rbtrejo | ByTrejo | [Bryan open up [Bryan opens the Choucair academy page], Bryan login [Bryan clicks on button thar showsus the form to login, Bryan enters 'rbtrejo' into where do we werite the user, Bryan enters 'ByTrejo' into where do we write the password, Bryan clicks on button to confirm login]], When he search for the course Recursos Automatizacion Bancolombia on the choucair academy platform
| strCourse |
| Metodología bancolombia |, Then he finds the course called resources Recuros Automatización Bancolombia
| strCourse |
| Metodología bancolombia |]
[Test worker] WARN net.thucydides.core.steps.BaseStepListener - TestOutcomes: [Search for a automation course:Example: {strUser=rbtrejo, strPassword=ByTrejo, strCourse=Metodología bancolombia} [Given than Bryan wants to learn automation at the academy Choucair
| strUser | strPassword |
| rbtrejo | ByTrejo | [Bryan open up [Bryan opens the Choucair academy page], Bryan login [Bryan clicks on button thar showsus the form to login, Bryan enters 'rbtrejo' into where do we werite the user, Bryan enters 'ByTrejo' into where do we write the password, Bryan clicks on button to confirm login]], When he search for the course Recursos Automatizacion Bancolombia on the choucair academy platform
| strCourse |
| Metodología bancolombia |, Then he finds the course called resources Recuros Automatización Bancolombia
| strCourse |
| Metodología bancolombia |]]
[Test worker] WARN net.thucydides.core.steps.BaseStepListener - Final testOutcomes: [Search for a automation course:Example: {strUser=rbtrejo, strPassword=ByTrejo, strCourse=Metodología bancolombia} [Given than Bryan wants to learn automation at the academy Choucair
| strUser | strPassword |
| rbtrejo | ByTrejo | [Bryan open up [Bryan opens the Choucair academy page], Bryan login [Bryan clicks on button thar showsus the form to login, Bryan enters 'rbtrejo' into where do we werite the user, Bryan enters 'ByTrejo' into where do we write the password, Bryan clicks on button to confirm login]], When he search for the course Recursos Automatizacion Bancolombia on the choucair academy platform
| strCourse |
| Metodología bancolombia |, Then he finds the course called resources Recuros Automatización Bancolombia
| strCourse |
| Metodología bancolombia |]]
[Test worker] INFO net.thucydides.core.steps.ConsoleLoggingListener - 
          __  _____ _____ ____ _____   ____  _____ _   _ ____ ___ _   _  ____ 
 _       / / |_   _| ____/ ___|_   _| |  _ \| ____| \ | |  _ \_ _| \ | |/ ___|
(_)____ / /    | | |  _| \___ \ | |   | |_) |  _| |  \| | | | | ||  \| | |  _ 
 |_____/ /     | | | |___ ___) || |   |  __/| |___| |\  | |_| | || |\  | |_| |
(_)   /_/      |_| |_____|____/ |_|   |_|   |_____|_| \_|____/___|_| \_|\____|
                                                                                

TEST PENDING: Search for a automation course
---------------------------------------------------------------------------------
]]></system-err>
</testsuite>
